<?xml version="1.0" encoding="UTF-8"?>
<Site BuildName="(empty)"
	BuildStamp="20241130-0243-Experimental"
	Name="(empty)"
	Generator="ctest-3.25.1"
	CompilerName=""
	CompilerVersion=""
	OSName="Linux"
	Hostname="raspberrypi"
	OSRelease="6.6.51+rpt-rpi-v8"
	OSVersion="#1 SMP PREEMPT Debian 1:6.6.51-1+rpt3 (2024-10-08)"
	OSPlatform="aarch64"
	Is64Bits="1"
	VendorString=""
	VendorID="Unknown Manufacturer"
	FamilyID="8"
	ModelID="0"
	ProcessorCacheSize="0"
	NumberOfLogicalCPU="4"
	NumberOfPhysicalCPU="1"
	TotalVirtualMemory="199"
	TotalPhysicalMemory="7809"
	LogicalProcessorsPerPhysical="4"
	ProcessorClockFrequency="0"
	>
	<Testing>
		<StartDateTime>Nov 30 13:43 AEDT</StartDateTime>
		<StartTestTime>1732934612</StartTestTime>
		<TestList/>
		<EndDateTime>Nov 30 13:43 AEDT</EndDateTime>
		<EndTestTime>1732934612</EndTestTime>
		<ElapsedMinutes>0</ElapsedMinutes>
	</Testing>
</Site>
